1477068157.597634 client started (59777): socket /private/tmp/tmux-503/default, protocol 8
1477068157.597652 on Darwin 15.6.0 Darwin Kernel Version 15.6.0: Mon Aug 29 20:21:34 PDT 2016; root:xnu-3248.60.11~1/RELEASE_X86_64; libevent 2.0.22-stable (kqueue)
1477068157.597675 socket is /private/tmp/tmux-503/default
1477068157.597684 trying connect
1477068157.597733 add peer 0x7fbddb005c00: 5 (0x0)
1477068157.599488 sending message 100 to peer 0x7fbddb005c00 (4 bytes)
1477068157.599500 sending message 101 to peer 0x7fbddb005c00 (15 bytes)
1477068157.599503 sending message 102 to peer 0x7fbddb005c00 (13 bytes)
1477068157.599506 sending message 108 to peer 0x7fbddb005c00 (28 bytes)
1477068157.599514 sending message 104 to peer 0x7fbddb005c00 (0 bytes)
1477068157.599516 sending message 107 to peer 0x7fbddb005c00 (4 bytes)
1477068157.599519 sending message 105 to peer 0x7fbddb005c00 (60 bytes)
1477068157.599521 sending message 105 to peer 0x7fbddb005c00 (66 bytes)
1477068157.599523 sending message 105 to peer 0x7fbddb005c00 (76 bytes)
1477068157.599526 sending message 105 to peer 0x7fbddb005c00 (23 bytes)
1477068157.599528 sending message 105 to peer 0x7fbddb005c00 (14 bytes)
1477068157.599530 sending message 105 to peer 0x7fbddb005c00 (17 bytes)
1477068157.599532 sending message 105 to peer 0x7fbddb005c00 (32 bytes)
1477068157.599534 sending message 105 to peer 0x7fbddb005c00 (15 bytes)
1477068157.599536 sending message 105 to peer 0x7fbddb005c00 (24 bytes)
1477068157.599539 sending message 105 to peer 0x7fbddb005c00 (28 bytes)
1477068157.599541 sending message 105 to peer 0x7fbddb005c00 (23 bytes)
1477068157.599543 sending message 105 to peer 0x7fbddb005c00 (337 bytes)
1477068157.599545 sending message 105 to peer 0x7fbddb005c00 (75 bytes)
1477068157.599548 sending message 105 to peer 0x7fbddb005c00 (22 bytes)
1477068157.599550 sending message 105 to peer 0x7fbddb005c00 (20 bytes)
1477068157.599552 sending message 105 to peer 0x7fbddb005c00 (20 bytes)
1477068157.599554 sending message 105 to peer 0x7fbddb005c00 (57 bytes)
1477068157.599559 sending message 105 to peer 0x7fbddb005c00 (13 bytes)
1477068157.599562 sending message 105 to peer 0x7fbddb005c00 (19 bytes)
1477068157.599564 sending message 105 to peer 0x7fbddb005c00 (16 bytes)
1477068157.599566 sending message 105 to peer 0x7fbddb005c00 (38 bytes)
1477068157.599568 sending message 105 to peer 0x7fbddb005c00 (61 bytes)
1477068157.599571 sending message 105 to peer 0x7fbddb005c00 (8 bytes)
1477068157.599573 sending message 105 to peer 0x7fbddb005c00 (22 bytes)
1477068157.599575 sending message 105 to peer 0x7fbddb005c00 (16 bytes)
1477068157.599577 sending message 105 to peer 0x7fbddb005c00 (11 bytes)
1477068157.599579 sending message 105 to peer 0x7fbddb005c00 (8 bytes)
1477068157.599582 sending message 105 to peer 0x7fbddb005c00 (21 bytes)
1477068157.599584 sending message 105 to peer 0x7fbddb005c00 (32 bytes)
1477068157.599586 sending message 105 to peer 0x7fbddb005c00 (31 bytes)
1477068157.599588 sending message 105 to peer 0x7fbddb005c00 (32 bytes)
1477068157.599590 sending message 105 to peer 0x7fbddb005c00 (50 bytes)
1477068157.599593 sending message 105 to peer 0x7fbddb005c00 (21 bytes)
1477068157.599595 sending message 105 to peer 0x7fbddb005c00 (10 bytes)
1477068157.599597 sending message 105 to peer 0x7fbddb005c00 (12 bytes)
1477068157.599599 sending message 105 to peer 0x7fbddb005c00 (26 bytes)
1477068157.599601 sending message 105 to peer 0x7fbddb005c00 (53 bytes)
1477068157.599603 sending message 105 to peer 0x7fbddb005c00 (33 bytes)
1477068157.599606 sending message 105 to peer 0x7fbddb005c00 (29 bytes)
1477068157.599608 sending message 105 to peer 0x7fbddb005c00 (21 bytes)
1477068157.599610 sending message 105 to peer 0x7fbddb005c00 (28 bytes)
1477068157.599612 sending message 105 to peer 0x7fbddb005c00 (16 bytes)
1477068157.599614 sending message 105 to peer 0x7fbddb005c00 (46 bytes)
1477068157.599617 sending message 105 to peer 0x7fbddb005c00 (42 bytes)
1477068157.599619 sending message 105 to peer 0x7fbddb005c00 (313 bytes)
1477068157.599621 sending message 105 to peer 0x7fbddb005c00 (59 bytes)
1477068157.599631 sending message 105 to peer 0x7fbddb005c00 (53 bytes)
1477068157.599633 sending message 105 to peer 0x7fbddb005c00 (67 bytes)
1477068157.599637 sending message 105 to peer 0x7fbddb005c00 (40 bytes)
1477068157.599639 sending message 105 to peer 0x7fbddb005c00 (40 bytes)
1477068157.599641 sending message 105 to peer 0x7fbddb005c00 (22 bytes)
1477068157.599644 sending message 106 to peer 0x7fbddb005c00 (0 bytes)
1477068157.599648 sending message 200 to peer 0x7fbddb005c00 (4 bytes)
1477068157.599650 client loop enter
1477068157.602367 peer 0x7fbddb005c00 message 207
1477068157.602377 sending message 208 to peer 0x7fbddb005c00 (0 bytes)
1477068165.029703 peer 0x7fbddb005c00 message 203
1477068165.029713 sending message 205 to peer 0x7fbddb005c00 (0 bytes)
1477068165.029988 peer 0x7fbddb005c00 message 204
1477068165.029997 client loop exit
